<?xml version="1.0" encoding="UTF-8"?>
<testng-results skipped="0" failed="0" total="1" passed="1">
  <reporter-output>
  </reporter-output>
  <suite name="Default suite" duration-ms="13923" started-at="2016-03-25T23:22:48Z" finished-at="2016-03-25T23:23:02Z">
    <groups>
    </groups>
    <test name="Default test" duration-ms="13923" started-at="2016-03-25T23:22:48Z" finished-at="2016-03-25T23:23:02Z">
      <class name="net.vanilton.test.VaniltonNetTest">
        <test-method status="PASS" signature="setUpBase()[pri:0, instance:net.vanilton.test.VaniltonNetTest@7e0babb1]" name="setUpBase" is-config="true" duration-ms="13049" started-at="2016-03-25T20:22:48Z" finished-at="2016-03-25T20:23:01Z">
          <reporter-output>
          </reporter-output>
        </test-method> <!-- setUpBase -->
        <test-method status="PASS" signature="setUp()[pri:0, instance:net.vanilton.test.VaniltonNetTest@7e0babb1]" name="setUp" is-config="true" duration-ms="6" started-at="2016-03-25T20:23:01Z" finished-at="2016-03-25T20:23:01Z">
          <reporter-output>
          </reporter-output>
        </test-method> <!-- setUp -->
        <test-method status="PASS" signature="test()[pri:0, instance:net.vanilton.test.VaniltonNetTest@7e0babb1]" name="test" duration-ms="758" started-at="2016-03-25T20:23:01Z" finished-at="2016-03-25T20:23:02Z">
          <reporter-output>
          </reporter-output>
        </test-method> <!-- test -->
        <test-method status="PASS" signature="tearDownBase()[pri:0, instance:net.vanilton.test.VaniltonNetTest@7e0babb1]" name="tearDownBase" is-config="true" duration-ms="88" started-at="2016-03-25T20:23:02Z" finished-at="2016-03-25T20:23:02Z">
          <reporter-output>
          </reporter-output>
        </test-method> <!-- tearDownBase -->
      </class> <!-- net.vanilton.test.VaniltonNetTest -->
    </test> <!-- Default test -->
  </suite> <!-- Default suite -->
</testng-results>
